<?xml version="1.0" encoding="UTF-8"?>
<!-- Generated by org.testng.reporters.JUnitXMLReporter -->
<testsuite hostname="WLB162SH" ignored="0" name="Command line test" tests="5" failures="0" timestamp="22 Mar 2019 13:51:16 GMT" time="2.106" errors="0">
  <testcase name="test1" time="2.059" classname="ToolsQA.APITestingFramework.APITest"/>
  <testcase name="test1" time="0.0" classname="ToolsQA.APITestingFramework.FirstTest"/>
  <testcase name="test2" time="0.0" classname="ToolsQA.APITestingFramework.FirstTest"/>
  <testcase name="test2" time="0.001" classname="ToolsQA.APITestingFramework.SecondTest"/>
  <testcase name="test3" time="0.0" classname="ToolsQA.APITestingFramework.SecondTest"/>
</testsuite> <!-- Command line test -->
