<?xml version="1.0" encoding="UTF-8"?>
<testng-results skipped="0" failed="0" ignored="0" total="1" passed="1">
  <reporter-output>
  </reporter-output>
  <suite name="Suite" duration-ms="2168" started-at="2019-03-22T13:36:56Z" finished-at="2019-03-22T13:36:58Z">
    <groups>
    </groups>
    <test name="Test" duration-ms="2168" started-at="2019-03-22T13:36:56Z" finished-at="2019-03-22T13:36:58Z">
      <class name="ToolsQA.APITestingFramework.APITest">
        <test-method status="PASS" signature="test1()[pri:0, instance:ToolsQA.APITestingFramework.APITest@7823a2f9]" name="test1" duration-ms="2136" started-at="2019-03-22T13:36:56Z" finished-at="2019-03-22T13:36:58Z">
          <reporter-output>
          </reporter-output>
        </test-method> <!-- test1 -->
      </class> <!-- ToolsQA.APITestingFramework.APITest -->
    </test> <!-- Test -->
  </suite> <!-- Suite -->
</testng-results>
